<?xml version="1.0" encoding="UTF-8"?>
<!-- Generated by org.testng.reporters.JUnitReportReporter -->
<testsuite hostname="LAPTOP-U9VOLDAH" failures="0" tests="2" name="saucedemo.Logintestcase" time="18.645" errors="0" timestamp="2021-08-19T16:51:45 IST" skipped="0">
  <testcase classname="saucedemo.Logintestcase" name="basePageNavigation" time="8.319"/>
  <system-out/>
  <testcase classname="saucedemo.Logintestcase" name="basePageNavigation" time="10.326"/>
  <system-out/>
</testsuite> <!-- saucedemo.Logintestcase -->
